<?xml version="1.0" encoding="UTF-8"?>
<!-- Generated by org.testng.reporters.JUnitReportReporter -->
<testsuite hostname="KishoreSaiRamya" failures="0" tests="5" name="testCases.TC002_LoginTesting_DDT" time="52.881" errors="0" timestamp="2025-05-28T21:36:02 IST" skipped="0">
  <testcase classname="testCases.TC002_LoginTesting_DDT" name="verify_login_ddt" time="4.917"/>
  <testcase classname="testCases.TC002_LoginTesting_DDT" name="verify_login_ddt" time="4.981"/>
  <testcase classname="testCases.TC002_LoginTesting_DDT" name="verify_login_ddt" time="14.310"/>
  <testcase classname="testCases.TC002_LoginTesting_DDT" name="verify_login_ddt" time="14.381"/>
  <testcase classname="testCases.TC002_LoginTesting_DDT" name="verify_login_ddt" time="14.292"/>
</testsuite> <!-- testCases.TC002_LoginTesting_DDT -->
